[0910/152728.296:INFO:CONSOLE(150)] "Event handler of 'x-storagemutated-1' event must be added on the initial evaluation of worker script.", source: https://static.whatsapp.net/rsrc.php/v3/yr/r/v_LntYIYEuw.js?_nc_x=Ij3Wp8lg5Kz (150)
[0910/152728.409:INFO:CONSOLE(0)] "Error with Permissions-Policy header: Feature xr-spatial-tracking's parameters are ignored.", source:  (0)
[0910/152728.409:INFO:CONSOLE(0)] "Error with Permissions-Policy header: Origin trial controlled feature not enabled: 'attribution-reporting'.", source:  (0)
[0910/152728.409:INFO:CONSOLE(0)] "Error with Permissions-Policy header: Unrecognized feature: 'compute-pressure'.", source:  (0)
[0910/152728.409:INFO:CONSOLE(0)] "Error with Permissions-Policy header: Origin trial controlled feature not enabled: 'interest-cohort'.", source:  (0)
[0910/152728.409:INFO:CONSOLE(0)] "Error with Permissions-Policy header: Unrecognized feature: 'private-state-token-issuance'.", source:  (0)
[0910/152728.409:INFO:CONSOLE(0)] "Error with Permissions-Policy header: Origin trial controlled feature not enabled: 'shared-storage'.", source:  (0)
[0910/152728.409:INFO:CONSOLE(0)] "Error with Permissions-Policy header: Unrecognized feature: 'shared-storage-select-url'.", source:  (0)
[0910/152728.409:INFO:CONSOLE(0)] "Error with Permissions-Policy header: Unrecognized feature: 'private-state-token-redemption'.", source:  (0)
[0910/152728.409:INFO:CONSOLE(0)] "Error with Permissions-Policy header: Unrecognized feature: 'unload'.", source:  (0)
[0910/152728.410:INFO:CONSOLE(0)] "Error with Permissions-Policy header: Unrecognized feature: 'window-management'.", source:  (0)
[0910/152739.146:INFO:CONSOLE(343)] "WAWebLoggerWorker initialized", source: https://static.whatsapp.net/rsrc.php/v3/ys/r/8Gg2mHtqDvx.js?_nc_x=Ij3Wp8lg5Kz (343)
[0910/152739.152:INFO:CONSOLE(343)] "[storage] start setSchemaVersions from fts worker interface", source: https://static.whatsapp.net/rsrc.php/v3/ys/r/8Gg2mHtqDvx.js?_nc_x=Ij3Wp8lg5Kz (343)
[0910/152739.153:INFO:CONSOLE(343)] "[storage] set schema versions: [model-storage,158,fts-storage,8,jobs-storage,1,lru-media-storage-idb,2,offd-storage,4,qpl-storage,0,signal-storage,6,worker-storage,1,sw,2,wawc,14,wawc_db_enc,2]. is worker? true", source: https://static.whatsapp.net/rsrc.php/v3/ys/r/8Gg2mHtqDvx.js?_nc_x=Ij3Wp8lg5Kz (343)
[0910/152810.713:INFO:CONSOLE(150)] "Event handler of 'x-storagemutated-1' event must be added on the initial evaluation of worker script.", source: https://static.whatsapp.net/rsrc.php/v3/yr/r/v_LntYIYEuw.js?_nc_x=Ij3Wp8lg5Kz (150)
[0910/152813.035:INFO:CONSOLE(343)] "FTS:Delegate: start indexer", source: https://static.whatsapp.net/rsrc.php/v3/ys/r/8Gg2mHtqDvx.js?_nc_x=Ij3Wp8lg5Kz (343)
[0910/152813.035:INFO:CONSOLE(343)] "FTS:Delegate: start perform init", source: https://static.whatsapp.net/rsrc.php/v3/ys/r/8Gg2mHtqDvx.js?_nc_x=Ij3Wp8lg5Kz (343)
[0910/152813.035:INFO:CONSOLE(343)] "FTS:Delegate: schema versions ready", source: https://static.whatsapp.net/rsrc.php/v3/ys/r/8Gg2mHtqDvx.js?_nc_x=Ij3Wp8lg5Kz (343)
[0910/152813.035:INFO:CONSOLE(343)] "FTS:Delegate: before db initialization", source: https://static.whatsapp.net/rsrc.php/v3/ys/r/8Gg2mHtqDvx.js?_nc_x=Ij3Wp8lg5Kz (343)
[0910/152813.848:INFO:CONSOLE(343)] "[storage] skipping version 159 for table 'acs-tokens' since it is higher than max version to rollout 158", source: https://static.whatsapp.net/rsrc.php/v3/ys/r/8Gg2mHtqDvx.js?_nc_x=Ij3Wp8lg5Kz (343)
[0910/152815.349:INFO:CONSOLE(343)] "FTS:Delegate: after db initialization", source: https://static.whatsapp.net/rsrc.php/v3/ys/r/8Gg2mHtqDvx.js?_nc_x=Ij3Wp8lg5Kz (343)
[0910/152815.349:INFO:CONSOLE(343)] "FTS:Manifest Writer: Set current version to ['3.1', '1']", source: https://static.whatsapp.net/rsrc.php/v3/ys/r/8Gg2mHtqDvx.js?_nc_x=Ij3Wp8lg5Kz (343)
[0910/152815.350:INFO:CONSOLE(343)] "FTS:Delegate: Inited", source: https://static.whatsapp.net/rsrc.php/v3/ys/r/8Gg2mHtqDvx.js?_nc_x=Ij3Wp8lg5Kz (343)
[0910/152815.350:INFO:CONSOLE(343)] "FTS:Delegate: Init indexing ops", source: https://static.whatsapp.net/rsrc.php/v3/ys/r/8Gg2mHtqDvx.js?_nc_x=Ij3Wp8lg5Kz (343)
[0910/152815.422:INFO:CONSOLE(343)] "Current message batch is from entry 0 of 0...", source: https://static.whatsapp.net/rsrc.php/v3/ys/r/8Gg2mHtqDvx.js?_nc_x=Ij3Wp8lg5Kz (343)
[0910/152815.422:INFO:CONSOLE(343)] "FTS:Indexer:indexQueuedBatch: Starting new batch size : 1000", source: https://static.whatsapp.net/rsrc.php/v3/ys/r/8Gg2mHtqDvx.js?_nc_x=Ij3Wp8lg5Kz (343)
[0910/152815.422:INFO:CONSOLE(343)] "FTS:Indexer:indexQueuedBatch: Completed", source: https://static.whatsapp.net/rsrc.php/v3/ys/r/8Gg2mHtqDvx.js?_nc_x=Ij3Wp8lg5Kz (343)
[0910/152816.250:INFO:CONSOLE(343)] "FTS:Indexer:indexQueuedBatch: Starting new batch size : 1000", source: https://static.whatsapp.net/rsrc.php/v3/ys/r/8Gg2mHtqDvx.js?_nc_x=Ij3Wp8lg5Kz (343)
[0910/152822.146:INFO:CONSOLE(343)] "FTS:Indexer:indexQueuedBatch: Completed", source: https://static.whatsapp.net/rsrc.php/v3/ys/r/8Gg2mHtqDvx.js?_nc_x=Ij3Wp8lg5Kz (343)
[0910/152822.953:INFO:CONSOLE(343)] "FTS:Indexer:indexQueuedBatch: Starting new batch size : 1000", source: https://static.whatsapp.net/rsrc.php/v3/ys/r/8Gg2mHtqDvx.js?_nc_x=Ij3Wp8lg5Kz (343)
[0910/152827.200:INFO:CONSOLE(343)] "FTS:Purge Range Manager: Drain Queue iteration for rowIds 999999925-999999925, offset 0", source: https://static.whatsapp.net/rsrc.php/v3/ys/r/8Gg2mHtqDvx.js?_nc_x=Ij3Wp8lg5Kz (343)
[0910/152827.200:INFO:CONSOLE(343)] "FTS: Purge Range Manager: Calling purge with keys", source: https://static.whatsapp.net/rsrc.php/v3/ys/r/8Gg2mHtqDvx.js?_nc_x=Ij3Wp8lg5Kz (343)
[0910/152827.200:INFO:CONSOLE(343)] " 999999925", source: https://static.whatsapp.net/rsrc.php/v3/ys/r/8Gg2mHtqDvx.js?_nc_x=Ij3Wp8lg5Kz (343)
[0910/152827.201:INFO:CONSOLE(343)] "FTS: Purge Range Manager: Iteration took 4.100000001490116ms", source: https://static.whatsapp.net/rsrc.php/v3/ys/r/8Gg2mHtqDvx.js?_nc_x=Ij3Wp8lg5Kz (343)
[0910/152827.402:INFO:CONSOLE(343)] "FTS:Purge Range Manager: Drain Queue iteration for rowIds 999999925-999999925, offset 200", source: https://static.whatsapp.net/rsrc.php/v3/ys/r/8Gg2mHtqDvx.js?_nc_x=Ij3Wp8lg5Kz (343)
[0910/152827.405:INFO:CONSOLE(343)] "FTS: Purge Range Manager: Iteration took 1.3999999985098839ms", source: https://static.whatsapp.net/rsrc.php/v3/ys/r/8Gg2mHtqDvx.js?_nc_x=Ij3Wp8lg5Kz (343)
[0910/152842.682:INFO:CONSOLE(343)] "FTS:Indexer:indexQueuedBatch: Completed batch", source: https://static.whatsapp.net/rsrc.php/v3/ys/r/8Gg2mHtqDvx.js?_nc_x=Ij3Wp8lg5Kz (343)
[0910/152843.780:INFO:CONSOLE(343)] "FTS:Indexer:indexQueuedBatch: Completed batch", source: https://static.whatsapp.net/rsrc.php/v3/ys/r/8Gg2mHtqDvx.js?_nc_x=Ij3Wp8lg5Kz (343)
[0910/152843.792:INFO:CONSOLE(343)] "FTS:Indexer:indexQueuedBatch: Completed batch", source: https://static.whatsapp.net/rsrc.php/v3/ys/r/8Gg2mHtqDvx.js?_nc_x=Ij3Wp8lg5Kz (343)
[0910/152843.798:INFO:CONSOLE(343)] "FTS:Indexer:indexQueuedBatch: Completed", source: https://static.whatsapp.net/rsrc.php/v3/ys/r/8Gg2mHtqDvx.js?_nc_x=Ij3Wp8lg5Kz (343)
[0910/152845.704:INFO:CONSOLE(343)] "FTS:Indexer:indexQueuedBatch: Starting new batch size : 1000", source: https://static.whatsapp.net/rsrc.php/v3/ys/r/8Gg2mHtqDvx.js?_nc_x=Ij3Wp8lg5Kz (343)
[0910/152845.711:INFO:CONSOLE(343)] "FTS:Indexer:indexQueuedBatch: Completed batch", source: https://static.whatsapp.net/rsrc.php/v3/ys/r/8Gg2mHtqDvx.js?_nc_x=Ij3Wp8lg5Kz (343)
[0910/152845.725:INFO:CONSOLE(343)] "FTS:Indexer:indexQueuedBatch: Completed", source: https://static.whatsapp.net/rsrc.php/v3/ys/r/8Gg2mHtqDvx.js?_nc_x=Ij3Wp8lg5Kz (343)
[0910/152847.396:INFO:CONSOLE(343)] "FTS:Indexer:indexQueuedBatch: Starting new batch size : 1000", source: https://static.whatsapp.net/rsrc.php/v3/ys/r/8Gg2mHtqDvx.js?_nc_x=Ij3Wp8lg5Kz (343)
[0910/152847.403:INFO:CONSOLE(343)] "FTS:Indexer:indexQueuedBatch: Completed batch", source: https://static.whatsapp.net/rsrc.php/v3/ys/r/8Gg2mHtqDvx.js?_nc_x=Ij3Wp8lg5Kz (343)
[0910/152847.410:INFO:CONSOLE(343)] "FTS:Indexer:indexQueuedBatch: Completed", source: https://static.whatsapp.net/rsrc.php/v3/ys/r/8Gg2mHtqDvx.js?_nc_x=Ij3Wp8lg5Kz (343)
[0910/152847.469:INFO:CONSOLE(343)] "FTS:Indexer:indexQueuedBatch: Starting new batch size : 1000", source: https://static.whatsapp.net/rsrc.php/v3/ys/r/8Gg2mHtqDvx.js?_nc_x=Ij3Wp8lg5Kz (343)
[0910/152847.530:INFO:CONSOLE(343)] "FTS:Indexer:indexQueuedBatch: Completed batch", source: https://static.whatsapp.net/rsrc.php/v3/ys/r/8Gg2mHtqDvx.js?_nc_x=Ij3Wp8lg5Kz (343)
[0910/152847.531:INFO:CONSOLE(343)] "FTS:Indexer:indexQueuedBatch: Completed", source: https://static.whatsapp.net/rsrc.php/v3/ys/r/8Gg2mHtqDvx.js?_nc_x=Ij3Wp8lg5Kz (343)
